2012-05-09 16:56:43,906 DEBUG [n-afc887a1ce5.a-afc34d371c2.SimpleReactiveBean] - Heating would be 3.626085810846044
2012-05-09 16:56:43,912 DEBUG [n-afc887a1ce5.a-afc34d371c2.SimpleReactiveBean] - Heating is next set to 4
2012-05-09 16:56:43,913 DEBUG [n-afc887a1ce5.a-afc34d371c2.SimpleReactiveBean] - Nextnext temp should be 21.725212832374858
2012-05-09 16:56:43,917 DEBUG [n-afc887a1ce5.a-afc34d371c2.SimpleReactiveBean] - Action result received: Heating.UpdateState iter: 114
2012-05-09 16:56:43,927 DEBUG [n-afc887a1ce5.a-afc34d371c2.SimpleReactiveBean] - Action result received: Heating.GetState iter: 114
2012-05-09 16:56:43,928 DEBUG [n-afc887a1ce5.a-afc34d371c2.SimpleReactiveBean] - Heating state = 4
2012-05-09 16:56:43,929 DEBUG [n-afc887a1ce5.a-afc34d371c2.SimpleReactiveBean] - Action result received: Window.GetState iter: 114
2012-05-09 16:56:43,930 DEBUG [n-afc887a1ce5.a-afc34d371c2.SimpleReactiveBean] - Window open = true
2012-05-09 16:56:44,900 DEBUG [n-afc887a1ce5.a-afc34d371c2.SimpleReactiveBean] - current 20.65800666942542
2012-05-09 16:56:44,901 DEBUG [n-afc887a1ce5.a-afc34d371c2.SimpleReactiveBean] - Next temp without adjustment 21.876362801158677
2012-05-09 16:56:44,901 DEBUG [n-afc887a1ce5.a-afc34d371c2.SimpleReactiveBean] - Heating is now set to: 4
2012-05-09 16:56:44,902 DEBUG [n-afc887a1ce5.a-afc34d371c2.SimpleReactiveBean] - Heating would be 2.446651484135449
2012-05-09 16:56:44,903 DEBUG [n-afc887a1ce5.a-afc34d371c2.SimpleReactiveBean] - Heating is next set to 2
2012-05-09 16:56:44,904 DEBUG [n-afc887a1ce5.a-afc34d371c2.SimpleReactiveBean] - Nextnext temp should be 19.821124268432268
2012-05-09 16:56:44,906 DEBUG [n-afc887a1ce5.a-afc34d371c2.SimpleReactiveBean] - Action result received: Heating.UpdateState iter: 115
2012-05-09 16:56:44,907 DEBUG [n-afc887a1ce5.a-afc34d371c2.SimpleReactiveBean] - Action result received: Heating.GetState iter: 115
2012-05-09 16:56:44,912 DEBUG [n-afc887a1ce5.a-afc34d371c2.SimpleReactiveBean] - Heating state = 2
2012-05-09 16:56:44,914 DEBUG [n-afc887a1ce5.a-afc34d371c2.SimpleReactiveBean] - Action result received: Window.GetState iter: 115
2012-05-09 16:56:44,915 DEBUG [n-afc887a1ce5.a-afc34d371c2.SimpleReactiveBean] - Window open = true
2012-05-09 16:56:45,903 DEBUG [n-afc887a1ce5.a-afc34d371c2.SimpleReactiveBean] - current 21.876362801158677
2012-05-09 16:56:45,904 DEBUG [n-afc887a1ce5.a-afc34d371c2.SimpleReactiveBean] - Next temp without adjustment 20.600872192741555
2012-05-09 16:56:45,904 DEBUG [n-afc887a1ce5.a-afc34d371c2.SimpleReactiveBean] - Heating is now set to: 2
2012-05-09 16:56:45,905 DEBUG [n-afc887a1ce5.a-afc34d371c2.SimpleReactiveBean] - Heating would be 3.175584703727687
2012-05-09 16:56:45,905 DEBUG [n-afc887a1ce5.a-afc34d371c2.SimpleReactiveBean] - Heating is next set to 3
2012-05-09 16:56:45,906 DEBUG [n-afc887a1ce5.a-afc34d371c2.SimpleReactiveBean] - Nextnext temp should be 21.494472284614098
2012-05-09 16:56:45,909 DEBUG [n-afc887a1ce5.a-afc34d371c2.SimpleReactiveBean] - Action result received: Window.GetState iter: 116
2012-05-09 16:56:45,910 DEBUG [n-afc887a1ce5.a-afc34d371c2.SimpleReactiveBean] - Window open = true
2012-05-09 16:56:45,911 DEBUG [n-afc887a1ce5.a-afc34d371c2.SimpleReactiveBean] - Action result received: Heating.GetState iter: 116
2012-05-09 16:56:45,911 DEBUG [n-afc887a1ce5.a-afc34d371c2.SimpleReactiveBean] - Heating state = 2
2012-05-09 16:56:45,913 DEBUG [n-afc887a1ce5.a-afc34d371c2.SimpleReactiveBean] - Action result received: Heating.UpdateState iter: 116
2012-05-09 16:56:46,902 DEBUG [n-afc887a1ce5.a-afc34d371c2.SimpleReactiveBean] - current 20.600872192741555
2012-05-09 16:56:46,902 DEBUG [n-afc887a1ce5.a-afc34d371c2.SimpleReactiveBean] - Next temp without adjustment 19.784558203354596
2012-05-09 16:56:46,902 DEBUG [n-afc887a1ce5.a-afc34d371c2.SimpleReactiveBean] - Heating is now set to: 2
2012-05-09 16:56:46,903 DEBUG [n-afc887a1ce5.a-afc34d371c2.SimpleReactiveBean] - Heating would be 3.5465737463025246
2012-05-09 16:56:46,903 DEBUG [n-afc887a1ce5.a-afc34d371c2.SimpleReactiveBean] - Heating is next set to 4
2012-05-09 16:56:46,905 DEBUG [n-afc887a1ce5.a-afc34d371c2.SimpleReactiveBean] - Nextnext temp should be 21.852366320951454
2012-05-09 16:56:46,907 DEBUG [n-afc887a1ce5.a-afc34d371c2.SimpleReactiveBean] - Action result received: Heating.UpdateState iter: 117
2012-05-09 16:56:46,909 DEBUG [n-afc887a1ce5.a-afc34d371c2.SimpleReactiveBean] - Action result received: Window.GetState iter: 117
2012-05-09 16:56:46,910 DEBUG [n-afc887a1ce5.a-afc34d371c2.SimpleReactiveBean] - Window open = true
2012-05-09 16:56:46,911 DEBUG [n-afc887a1ce5.a-afc34d371c2.SimpleReactiveBean] - Action result received: Heating.GetState iter: 117
2012-05-09 16:56:46,912 DEBUG [n-afc887a1ce5.a-afc34d371c2.SimpleReactiveBean] - Heating state = 4
2012-05-09 16:56:47,900 DEBUG [n-afc887a1ce5.a-afc34d371c2.SimpleReactiveBean] - current 20.818462262153023
2012-05-09 16:56:47,901 DEBUG [n-afc887a1ce5.a-afc34d371c2.SimpleReactiveBean] - Next temp without adjustment 21.94375415010427
2012-05-09 16:56:47,901 DEBUG [n-afc887a1ce5.a-afc34d371c2.SimpleReactiveBean] - Heating is now set to: 4
2012-05-09 16:56:47,901 DEBUG [n-afc887a1ce5.a-afc34d371c2.SimpleReactiveBean] - Heating would be 2.401718064542967
2012-05-09 16:56:47,902 DEBUG [n-afc887a1ce5.a-afc34d371c2.SimpleReactiveBean] - Heating is next set to 2
2012-05-09 16:56:47,902 DEBUG [n-afc887a1ce5.a-afc34d371c2.SimpleReactiveBean] - Nextnext temp should be 19.923815847777934
2012-05-09 16:56:47,903 DEBUG [n-afc887a1ce5.a-afc34d371c2.SimpleReactiveBean] - Action result received: Heating.GetState iter: 118
2012-05-09 16:56:47,904 DEBUG [n-afc887a1ce5.a-afc34d371c2.SimpleReactiveBean] - Heating state = 4
2012-05-09 16:56:47,905 DEBUG [n-afc887a1ce5.a-afc34d371c2.SimpleReactiveBean] - Action result received: Window.GetState iter: 118
2012-05-09 16:56:47,906 DEBUG [n-afc887a1ce5.a-afc34d371c2.SimpleReactiveBean] - Window open = true
2012-05-09 16:56:47,907 DEBUG [n-afc887a1ce5.a-afc34d371c2.SimpleReactiveBean] - Action result received: Heating.UpdateState iter: 118
2012-05-09 16:56:48,900 DEBUG [n-afc887a1ce5.a-afc34d371c2.SimpleReactiveBean] - current 21.94375415010427
2012-05-09 16:56:48,901 DEBUG [n-afc887a1ce5.a-afc34d371c2.SimpleReactiveBean] - Next temp without adjustment 22.41637674304379
2012-05-09 16:56:48,901 DEBUG [n-afc887a1ce5.a-afc34d371c2.SimpleReactiveBean] - Heating is now set to: 4
2012-05-09 16:56:48,902 DEBUG [n-afc887a1ce5.a-afc34d371c2.SimpleReactiveBean] - Heating would be 2.0641560500455345
2012-05-09 16:56:48,902 DEBUG [n-afc887a1ce5.a-afc34d371c2.SimpleReactiveBean] - Heating is next set to 2
2012-05-09 16:56:48,903 DEBUG [n-afc887a1ce5.a-afc34d371c2.SimpleReactiveBean] - Nextnext temp should be 20.644002656066732
2012-05-09 16:56:48,904 DEBUG [n-afc887a1ce5.a-afc34d371c2.SimpleReactiveBean] - Action result received: Heating.UpdateState iter: 119
2012-05-09 16:56:48,906 DEBUG [n-afc887a1ce5.a-afc34d371c2.SimpleReactiveBean] - Action result received: Heating.GetState iter: 119
2012-05-09 16:56:48,907 DEBUG [n-afc887a1ce5.a-afc34d371c2.SimpleReactiveBean] - Heating state = 2
2012-05-09 16:56:48,908 DEBUG [n-afc887a1ce5.a-afc34d371c2.SimpleReactiveBean] - Action result received: Window.GetState iter: 119
2012-05-09 16:56:48,908 DEBUG [n-afc887a1ce5.a-afc34d371c2.SimpleReactiveBean] - Window open = true
2012-05-09 16:56:49,900 DEBUG [n-afc887a1ce5.a-afc34d371c2.SimpleReactiveBean] - current 20.644002656066732
2012-05-09 16:56:49,901 DEBUG [n-afc887a1ce5.a-afc34d371c2.SimpleReactiveBean] - Next temp without adjustment 19.812161699882708
2012-05-09 16:56:49,901 DEBUG [n-afc887a1ce5.a-afc34d371c2.SimpleReactiveBean] - Heating is now set to: 2
2012-05-09 16:56:49,901 DEBUG [n-afc887a1ce5.a-afc34d371c2.SimpleReactiveBean] - Heating would be 3.53500001347441
2012-05-09 16:56:49,902 DEBUG [n-afc887a1ce5.a-afc34d371c2.SimpleReactiveBean] - Heating is next set to 4
2012-05-09 16:56:49,902 DEBUG [n-afc887a1ce5.a-afc34d371c2.SimpleReactiveBean] - Nextnext temp should be 21.870481115548028
2012-05-09 16:56:49,904 DEBUG [n-afc887a1ce5.a-afc34d371c2.SimpleReactiveBean] - Action result received: Heating.GetState iter: 120
2012-05-09 16:56:49,904 DEBUG [n-afc887a1ce5.a-afc34d371c2.SimpleReactiveBean] - Heating state = 2
2012-05-09 16:56:49,906 DEBUG [n-afc887a1ce5.a-afc34d371c2.SimpleReactiveBean] - Action result received: Window.GetState iter: 120
2012-05-09 16:56:49,906 DEBUG [n-afc887a1ce5.a-afc34d371c2.SimpleReactiveBean] - Window open = true
2012-05-09 16:56:49,908 DEBUG [n-afc887a1ce5.a-afc34d371c2.SimpleReactiveBean] - Action result received: Heating.UpdateState iter: 120
2012-05-09 16:56:50,901 DEBUG [n-afc887a1ce5.a-afc34d371c2.SimpleReactiveBean] - current 19.812161699882708
2012-05-09 16:56:50,902 DEBUG [n-afc887a1ce5.a-afc34d371c2.SimpleReactiveBean] - Next temp without adjustment 19.27978348792493
2012-05-09 16:56:50,902 DEBUG [n-afc887a1ce5.a-afc34d371c2.SimpleReactiveBean] - Heating is now set to: 2
2012-05-09 16:56:50,903 DEBUG [n-afc887a1ce5.a-afc34d371c2.SimpleReactiveBean] - Heating would be 3.7477077202741507
2012-05-09 16:56:50,903 DEBUG [n-afc887a1ce5.a-afc34d371c2.SimpleReactiveBean] - Heating is next set to 4
2012-05-09 16:56:50,904 DEBUG [n-afc887a1ce5.a-afc34d371c2.SimpleReactiveBean] - Nextnext temp should be 21.521107913950736
2012-05-09 16:56:50,905 DEBUG [n-afc887a1ce5.a-afc34d371c2.SimpleReactiveBean] - Action result received: Heating.GetState iter: 121
2012-05-09 16:56:50,905 DEBUG [n-afc887a1ce5.a-afc34d371c2.SimpleReactiveBean] - Heating state = 4
2012-05-09 16:56:50,907 DEBUG [n-afc887a1ce5.a-afc34d371c2.SimpleReactiveBean] - Action result received: Window.GetState iter: 121
2012-05-09 16:56:50,908 DEBUG [n-afc887a1ce5.a-afc34d371c2.SimpleReactiveBean] - Window open = true
2012-05-09 16:56:50,909 DEBUG [n-afc887a1ce5.a-afc34d371c2.SimpleReactiveBean] - Action result received: Heating.UpdateState iter: 121
2012-05-09 16:56:51,900 DEBUG [n-afc887a1ce5.a-afc34d371c2.SimpleReactiveBean] - current 21.521107913950736
2012-05-09 16:56:51,901 DEBUG [n-afc887a1ce5.a-afc34d371c2.SimpleReactiveBean] - Next temp without adjustment 22.238865323859308
2012-05-09 16:56:51,901 DEBUG [n-afc887a1ce5.a-afc34d371c2.SimpleReactiveBean] - Heating is now set to: 4
2012-05-09 16:56:51,902 DEBUG [n-afc887a1ce5.a-afc34d371c2.SimpleReactiveBean] - Heating would be 2.1957611983579284
2012-05-09 16:56:51,910 DEBUG [n-afc887a1ce5.a-afc34d371c2.SimpleReactiveBean] - Heating is next set to 2
2012-05-09 16:56:51,910 DEBUG [n-afc887a1ce5.a-afc34d371c2.SimpleReactiveBean] - Nextnext temp should be 20.37350906492847
2012-05-09 16:56:51,911 DEBUG [n-afc887a1ce5.a-afc34d371c2.SimpleReactiveBean] - Action result received: Window.GetState iter: 122
2012-05-09 16:56:51,913 DEBUG [n-afc887a1ce5.a-afc34d371c2.SimpleReactiveBean] - Window open = true
2012-05-09 16:56:51,914 DEBUG [n-afc887a1ce5.a-afc34d371c2.SimpleReactiveBean] - Action result received: Heating.UpdateState iter: 122
2012-05-09 16:56:51,917 DEBUG [n-afc887a1ce5.a-afc34d371c2.SimpleReactiveBean] - Action result received: Heating.GetState iter: 122
2012-05-09 16:56:51,918 DEBUG [n-afc887a1ce5.a-afc34d371c2.SimpleReactiveBean] - Heating state = 2
2012-05-09 16:56:52,900 DEBUG [n-afc887a1ce5.a-afc34d371c2.SimpleReactiveBean] - current 22.238865323859308
2012-05-09 16:56:52,901 DEBUG [n-afc887a1ce5.a-afc34d371c2.SimpleReactiveBean] - Next temp without adjustment 20.832873807269955
2012-05-09 16:56:52,902 DEBUG [n-afc887a1ce5.a-afc34d371c2.SimpleReactiveBean] - Heating is now set to: 2
2012-05-09 16:56:52,909 DEBUG [n-afc887a1ce5.a-afc34d371c2.SimpleReactiveBean] - Heating would be 3.0580898636312956
2012-05-09 16:56:52,910 DEBUG [n-afc887a1ce5.a-afc34d371c2.SimpleReactiveBean] - Heating is next set to 3
2012-05-09 16:56:52,910 DEBUG [n-afc887a1ce5.a-afc34d371c2.SimpleReactiveBean] - Nextnext temp should be 21.686598621645434
2012-05-09 16:56:52,913 DEBUG [n-afc887a1ce5.a-afc34d371c2.SimpleReactiveBean] - Action result received: Heating.GetState iter: 123
2012-05-09 16:56:52,922 DEBUG [n-afc887a1ce5.a-afc34d371c2.SimpleReactiveBean] - Heating state = 2
2012-05-09 16:56:52,929 DEBUG [n-afc887a1ce5.a-afc34d371c2.SimpleReactiveBean] - Action result received: Window.GetState iter: 123
2012-05-09 16:56:52,930 DEBUG [n-afc887a1ce5.a-afc34d371c2.SimpleReactiveBean] - Window open = true
2012-05-09 16:56:52,932 DEBUG [n-afc887a1ce5.a-afc34d371c2.SimpleReactiveBean] - Action result received: Heating.UpdateState iter: 123
2012-05-09 16:56:53,900 DEBUG [n-afc887a1ce5.a-afc34d371c2.SimpleReactiveBean] - current 20.832873807269955
2012-05-09 16:56:53,901 DEBUG [n-afc887a1ce5.a-afc34d371c2.SimpleReactiveBean] - Next temp without adjustment 19.93303923665277
2012-05-09 16:56:53,901 DEBUG [n-afc887a1ce5.a-afc34d371c2.SimpleReactiveBean] - Heating is now set to: 2
2012-05-09 16:56:53,901 DEBUG [n-afc887a1ce5.a-afc34d371c2.SimpleReactiveBean] - Heating would be 3.4835703438588856
2012-05-09 16:56:53,902 DEBUG [n-afc887a1ce5.a-afc34d371c2.SimpleReactiveBean] - Heating is next set to 3
2012-05-09 16:56:53,902 DEBUG [n-afc887a1ce5.a-afc34d371c2.SimpleReactiveBean] - Nextnext temp should be 20.941423117853077
2012-05-09 16:56:53,903 DEBUG [n-afc887a1ce5.a-afc34d371c2.SimpleReactiveBean] - Action result received: Heating.UpdateState iter: 124
2012-05-09 16:56:53,905 DEBUG [n-afc887a1ce5.a-afc34d371c2.SimpleReactiveBean] - Action result received: Heating.GetState iter: 124
2012-05-09 16:56:53,906 DEBUG [n-afc887a1ce5.a-afc34d371c2.SimpleReactiveBean] - Heating state = 3
2012-05-09 16:56:53,907 DEBUG [n-afc887a1ce5.a-afc34d371c2.SimpleReactiveBean] - Action result received: Window.GetState iter: 124
2012-05-09 16:56:53,908 DEBUG [n-afc887a1ce5.a-afc34d371c2.SimpleReactiveBean] - Window open = true
2012-05-09 16:56:54,900 DEBUG [n-afc887a1ce5.a-afc34d371c2.SimpleReactiveBean] - current 20.941423117853077
2012-05-09 16:56:54,901 DEBUG [n-afc887a1ce5.a-afc34d371c2.SimpleReactiveBean] - Next temp without adjustment 20.99895425246213
2012-05-09 16:56:54,901 DEBUG [n-afc887a1ce5.a-afc34d371c2.SimpleReactiveBean] - Heating is now set to: 3
2012-05-09 16:56:54,901 DEBUG [n-afc887a1ce5.a-afc34d371c2.SimpleReactiveBean] - Heating would be 2.9702602699217326
2012-05-09 16:56:54,902 DEBUG [n-afc887a1ce5.a-afc34d371c2.SimpleReactiveBean] - Heating is next set to 3
2012-05-09 16:56:54,902 DEBUG [n-afc887a1ce5.a-afc34d371c2.SimpleReactiveBean] - Nextnext temp should be 20.99895425246213
2012-05-09 16:56:54,903 DEBUG [n-afc887a1ce5.a-afc34d371c2.SimpleReactiveBean] - Action result received: Heating.UpdateState iter: 125
2012-05-09 16:56:54,905 DEBUG [n-afc887a1ce5.a-afc34d371c2.SimpleReactiveBean] - Action result received: Window.GetState iter: 125
2012-05-09 16:56:54,905 DEBUG [n-afc887a1ce5.a-afc34d371c2.SimpleReactiveBean] - Window open = true
2012-05-09 16:56:54,907 DEBUG [n-afc887a1ce5.a-afc34d371c2.SimpleReactiveBean] - Action result received: Heating.GetState iter: 125
2012-05-09 16:56:54,908 DEBUG [n-afc887a1ce5.a-afc34d371c2.SimpleReactiveBean] - Heating state = 3
2012-05-09 16:56:55,900 DEBUG [n-afc887a1ce5.a-afc34d371c2.SimpleReactiveBean] - current 20.99895425246213
2012-05-09 16:56:55,901 DEBUG [n-afc887a1ce5.a-afc34d371c2.SimpleReactiveBean] - Next temp without adjustment 21.02944575380493
2012-05-09 16:56:55,901 DEBUG [n-afc887a1ce5.a-afc34d371c2.SimpleReactiveBean] - Heating is now set to: 3
2012-05-09 16:56:55,901 DEBUG [n-afc887a1ce5.a-afc34d371c2.SimpleReactiveBean] - Heating would be 2.953781867100496
2012-05-09 16:56:55,902 DEBUG [n-afc887a1ce5.a-afc34d371c2.SimpleReactiveBean] - Heating is next set to 3
2012-05-09 16:56:55,902 DEBUG [n-afc887a1ce5.a-afc34d371c2.SimpleReactiveBean] - Nextnext temp should be 21.02944575380493
2012-05-09 16:56:55,903 DEBUG [n-afc887a1ce5.a-afc34d371c2.SimpleReactiveBean] - Action result received: Heating.GetState iter: 126
2012-05-09 16:56:55,904 DEBUG [n-afc887a1ce5.a-afc34d371c2.SimpleReactiveBean] - Heating state = 3
2012-05-09 16:56:55,905 DEBUG [n-afc887a1ce5.a-afc34d371c2.SimpleReactiveBean] - Action result received: Heating.UpdateState iter: 126
2012-05-09 16:56:55,907 DEBUG [n-afc887a1ce5.a-afc34d371c2.SimpleReactiveBean] - Action result received: Window.GetState iter: 126
2012-05-09 16:56:55,909 DEBUG [n-afc887a1ce5.a-afc34d371c2.SimpleReactiveBean] - Window open = true
2012-05-09 16:56:56,900 DEBUG [n-afc887a1ce5.a-afc34d371c2.SimpleReactiveBean] - current 21.02944575380493
2012-05-09 16:56:56,901 DEBUG [n-afc887a1ce5.a-afc34d371c2.SimpleReactiveBean] - Next temp without adjustment 21.045606249516613
2012-05-09 16:56:56,901 DEBUG [n-afc887a1ce5.a-afc34d371c2.SimpleReactiveBean] - Heating is now set to: 3
2012-05-09 16:56:56,901 DEBUG [n-afc887a1ce5.a-afc34d371c2.SimpleReactiveBean] - Heating would be 2.945002812176192
2012-05-09 16:56:56,902 DEBUG [n-afc887a1ce5.a-afc34d371c2.SimpleReactiveBean] - Heating is next set to 3
2012-05-09 16:56:56,902 DEBUG [n-afc887a1ce5.a-afc34d371c2.SimpleReactiveBean] - Nextnext temp should be 21.045606249516613
2012-05-09 16:56:56,903 DEBUG [n-afc887a1ce5.a-afc34d371c2.SimpleReactiveBean] - Action result received: Heating.UpdateState iter: 127
2012-05-09 16:56:56,905 DEBUG [n-afc887a1ce5.a-afc34d371c2.SimpleReactiveBean] - Action result received: Window.GetState iter: 127
2012-05-09 16:56:56,906 DEBUG [n-afc887a1ce5.a-afc34d371c2.SimpleReactiveBean] - Window open = true
2012-05-09 16:56:56,907 DEBUG [n-afc887a1ce5.a-afc34d371c2.SimpleReactiveBean] - Action result received: Heating.GetState iter: 127
2012-05-09 16:56:56,908 DEBUG [n-afc887a1ce5.a-afc34d371c2.SimpleReactiveBean] - Heating state = 3
2012-05-09 16:56:57,900 DEBUG [n-afc887a1ce5.a-afc34d371c2.SimpleReactiveBean] - current 21.045606249516613
2012-05-09 16:56:57,901 DEBUG [n-afc887a1ce5.a-afc34d371c2.SimpleReactiveBean] - Next temp without adjustment 21.054171312243806
2012-05-09 16:56:57,901 DEBUG [n-afc887a1ce5.a-afc34d371c2.SimpleReactiveBean] - Heating is now set to: 3
2012-05-09 16:56:57,902 DEBUG [n-afc887a1ce5.a-afc34d371c2.SimpleReactiveBean] - Heating would be 2.94033705282352
2012-05-09 16:56:57,902 DEBUG [n-afc887a1ce5.a-afc34d371c2.SimpleReactiveBean] - Heating is next set to 3
2012-05-09 16:56:57,903 DEBUG [n-afc887a1ce5.a-afc34d371c2.SimpleReactiveBean] - Nextnext temp should be 21.054171312243806
2012-05-09 16:56:57,904 DEBUG [n-afc887a1ce5.a-afc34d371c2.SimpleReactiveBean] - Action result received: Heating.UpdateState iter: 128
2012-05-09 16:56:57,906 DEBUG [n-afc887a1ce5.a-afc34d371c2.SimpleReactiveBean] - Action result received: Heating.GetState iter: 128
2012-05-09 16:56:57,908 DEBUG [n-afc887a1ce5.a-afc34d371c2.SimpleReactiveBean] - Heating state = 3
2012-05-09 16:56:57,909 DEBUG [n-afc887a1ce5.a-afc34d371c2.SimpleReactiveBean] - Action result received: Window.GetState iter: 128
2012-05-09 16:56:57,910 DEBUG [n-afc887a1ce5.a-afc34d371c2.SimpleReactiveBean] - Window open = true
2012-05-09 16:56:58,904 DEBUG [n-afc887a1ce5.a-afc34d371c2.SimpleReactiveBean] - current 21.054171312243806
2012-05-09 16:56:58,905 DEBUG [n-afc887a1ce5.a-afc34d371c2.SimpleReactiveBean] - Next temp without adjustment 21.05871079548922
2012-05-09 16:56:58,907 DEBUG [n-afc887a1ce5.a-afc34d371c2.SimpleReactiveBean] - Heating is now set to: 3
2012-05-09 16:56:58,908 DEBUG [n-afc887a1ce5.a-afc34d371c2.SimpleReactiveBean] - Heating would be 2.9378605761008036
2012-05-09 16:56:58,908 DEBUG [n-afc887a1ce5.a-afc34d371c2.SimpleReactiveBean] - Heating is next set to 3
2012-05-09 16:56:58,909 DEBUG [n-afc887a1ce5.a-afc34d371c2.SimpleReactiveBean] - Nextnext temp should be 21.05871079548922
2012-05-09 16:56:58,910 DEBUG [n-afc887a1ce5.a-afc34d371c2.SimpleReactiveBean] - Action result received: Window.GetState iter: 129
2012-05-09 16:56:58,910 DEBUG [n-afc887a1ce5.a-afc34d371c2.SimpleReactiveBean] - Window open = true
2012-05-09 16:56:58,912 DEBUG [n-afc887a1ce5.a-afc34d371c2.SimpleReactiveBean] - Action result received: Heating.GetState iter: 129
2012-05-09 16:56:58,913 DEBUG [n-afc887a1ce5.a-afc34d371c2.SimpleReactiveBean] - Heating state = 3
2012-05-09 16:56:58,915 DEBUG [n-afc887a1ce5.a-afc34d371c2.SimpleReactiveBean] - Action result received: Heating.UpdateState iter: 129
2012-05-09 16:56:59,902 DEBUG [n-afc887a1ce5.a-afc34d371c2.SimpleReactiveBean] - current 21.05871079548922
2012-05-09 16:56:59,902 DEBUG [n-afc887a1ce5.a-afc34d371c2.SimpleReactiveBean] - Next temp without adjustment 21.061116721609284
2012-05-09 16:56:59,903 DEBUG [n-afc887a1ce5.a-afc34d371c2.SimpleReactiveBean] - Heating is now set to: 3
2012-05-09 16:56:59,903 DEBUG [n-afc887a1ce5.a-afc34d371c2.SimpleReactiveBean] - Heating would be 2.9365470236149975
2012-05-09 16:56:59,903 DEBUG [n-afc887a1ce5.a-afc34d371c2.SimpleReactiveBean] - Heating is next set to 3
2012-05-09 16:56:59,904 DEBUG [n-afc887a1ce5.a-afc34d371c2.SimpleReactiveBean] - Nextnext temp should be 21.061116721609284
2012-05-09 16:56:59,905 DEBUG [n-afc887a1ce5.a-afc34d371c2.SimpleReactiveBean] - Action result received: Heating.UpdateState iter: 130
2012-05-09 16:56:59,907 DEBUG [n-afc887a1ce5.a-afc34d371c2.SimpleReactiveBean] - Action result received: Heating.GetState iter: 130
2012-05-09 16:56:59,908 DEBUG [n-afc887a1ce5.a-afc34d371c2.SimpleReactiveBean] - Heating state = 3
2012-05-09 16:56:59,909 DEBUG [n-afc887a1ce5.a-afc34d371c2.SimpleReactiveBean] - Action result received: Window.GetState iter: 130
2012-05-09 16:56:59,909 DEBUG [n-afc887a1ce5.a-afc34d371c2.SimpleReactiveBean] - Window open = true
2012-05-09 16:57:00,900 DEBUG [n-afc887a1ce5.a-afc34d371c2.SimpleReactiveBean] - current 21.061116721609284
2012-05-09 16:57:00,901 DEBUG [n-afc887a1ce5.a-afc34d371c2.SimpleReactiveBean] - Next temp without adjustment 21.06239186245292
2012-05-09 16:57:00,901 DEBUG [n-afc887a1ce5.a-afc34d371c2.SimpleReactiveBean] - Heating is now set to: 3
2012-05-09 16:57:00,902 DEBUG [n-afc887a1ce5.a-afc34d371c2.SimpleReactiveBean] - Heating would be 2.935850554065822
2012-05-09 16:57:00,903 DEBUG [n-afc887a1ce5.a-afc34d371c2.SimpleReactiveBean] - Heating is next set to 3
2012-05-09 16:57:00,904 DEBUG [n-afc887a1ce5.a-afc34d371c2.SimpleReactiveBean] - Nextnext temp should be 21.06239186245292
2012-05-09 16:57:00,905 DEBUG [n-afc887a1ce5.a-afc34d371c2.SimpleReactiveBean] - Action result received: Heating.UpdateState iter: 131
2012-05-09 16:57:00,907 DEBUG [n-afc887a1ce5.a-afc34d371c2.SimpleReactiveBean] - Action result received: Window.GetState iter: 131
2012-05-09 16:57:00,908 DEBUG [n-afc887a1ce5.a-afc34d371c2.SimpleReactiveBean] - Window open = true
2012-05-09 16:57:00,909 DEBUG [n-afc887a1ce5.a-afc34d371c2.SimpleReactiveBean] - Action result received: Heating.GetState iter: 131
2012-05-09 16:57:00,910 DEBUG [n-afc887a1ce5.a-afc34d371c2.SimpleReactiveBean] - Heating state = 3
2012-05-09 16:57:01,900 DEBUG [n-afc887a1ce5.a-afc34d371c2.SimpleReactiveBean] - current 21.06239186245292
2012-05-09 16:57:01,901 DEBUG [n-afc887a1ce5.a-afc34d371c2.SimpleReactiveBean] - Next temp without adjustment 21.063067687100048
2012-05-09 16:57:01,901 DEBUG [n-afc887a1ce5.a-afc34d371c2.SimpleReactiveBean] - Heating is now set to: 3
2012-05-09 16:57:01,901 DEBUG [n-afc887a1ce5.a-afc34d371c2.SimpleReactiveBean] - Heating would be 2.9354813446225596
2012-05-09 16:57:01,902 DEBUG [n-afc887a1ce5.a-afc34d371c2.SimpleReactiveBean] - Heating is next set to 3
2012-05-09 16:57:01,902 DEBUG [n-afc887a1ce5.a-afc34d371c2.SimpleReactiveBean] - Nextnext temp should be 21.063067687100048
2012-05-09 16:57:01,904 DEBUG [n-afc887a1ce5.a-afc34d371c2.SimpleReactiveBean] - Action result received: Heating.UpdateState iter: 132
2012-05-09 16:57:01,905 DEBUG [n-afc887a1ce5.a-afc34d371c2.SimpleReactiveBean] - Action result received: Window.GetState iter: 132
2012-05-09 16:57:01,906 DEBUG [n-afc887a1ce5.a-afc34d371c2.SimpleReactiveBean] - Window open = true
2012-05-09 16:57:01,907 DEBUG [n-afc887a1ce5.a-afc34d371c2.SimpleReactiveBean] - Action result received: Heating.GetState iter: 132
2012-05-09 16:57:01,908 DEBUG [n-afc887a1ce5.a-afc34d371c2.SimpleReactiveBean] - Heating state = 3
2012-05-09 16:57:02,900 DEBUG [n-afc887a1ce5.a-afc34d371c2.SimpleReactiveBean] - current 21.063067687100048
2012-05-09 16:57:02,901 DEBUG [n-afc887a1ce5.a-afc34d371c2.SimpleReactiveBean] - Next temp without adjustment 21.063425874163027
2012-05-09 16:57:02,901 DEBUG [n-afc887a1ce5.a-afc34d371c2.SimpleReactiveBean] - Heating is now set to: 3
2012-05-09 16:57:02,901 DEBUG [n-afc887a1ce5.a-afc34d371c2.SimpleReactiveBean] - Heating would be 2.9352856409762422
2012-05-09 16:57:02,903 DEBUG [n-afc887a1ce5.a-afc34d371c2.SimpleReactiveBean] - Heating is next set to 3
2012-05-09 16:57:02,904 DEBUG [n-afc887a1ce5.a-afc34d371c2.SimpleReactiveBean] - Nextnext temp should be 21.063425874163027
2012-05-09 16:57:02,905 DEBUG [n-afc887a1ce5.a-afc34d371c2.SimpleReactiveBean] - Action result received: Heating.GetState iter: 133
2012-05-09 16:57:02,905 DEBUG [n-afc887a1ce5.a-afc34d371c2.SimpleReactiveBean] - Heating state = 3
2012-05-09 16:57:02,907 DEBUG [n-afc887a1ce5.a-afc34d371c2.SimpleReactiveBean] - Action result received: Window.GetState iter: 133
2012-05-09 16:57:02,907 DEBUG [n-afc887a1ce5.a-afc34d371c2.SimpleReactiveBean] - Window open = true
2012-05-09 16:57:02,909 DEBUG [n-afc887a1ce5.a-afc34d371c2.SimpleReactiveBean] - Action result received: Heating.UpdateState iter: 133
2012-05-09 16:57:03,900 DEBUG [n-afc887a1ce5.a-afc34d371c2.SimpleReactiveBean] - current 21.063425874163027
2012-05-09 16:57:03,901 DEBUG [n-afc887a1ce5.a-afc34d371c2.SimpleReactiveBean] - Next temp without adjustment 21.063615713306405
2012-05-09 16:57:03,901 DEBUG [n-afc887a1ce5.a-afc34d371c2.SimpleReactiveBean] - Heating is now set to: 3
2012-05-09 16:57:03,901 DEBUG [n-afc887a1ce5.a-afc34d371c2.SimpleReactiveBean] - Heating would be 2.9351819116828546
2012-05-09 16:57:03,902 DEBUG [n-afc887a1ce5.a-afc34d371c2.SimpleReactiveBean] - Heating is next set to 3
2012-05-09 16:57:03,902 DEBUG [n-afc887a1ce5.a-afc34d371c2.SimpleReactiveBean] - Nextnext temp should be 21.063615713306405
2012-05-09 16:57:03,903 DEBUG [n-afc887a1ce5.a-afc34d371c2.SimpleReactiveBean] - Action result received: Heating.UpdateState iter: 134
2012-05-09 16:57:03,905 DEBUG [n-afc887a1ce5.a-afc34d371c2.SimpleReactiveBean] - Action result received: Window.GetState iter: 134
2012-05-09 16:57:03,905 DEBUG [n-afc887a1ce5.a-afc34d371c2.SimpleReactiveBean] - Window open = true
2012-05-09 16:57:03,907 DEBUG [n-afc887a1ce5.a-afc34d371c2.SimpleReactiveBean] - Action result received: Heating.GetState iter: 134
2012-05-09 16:57:03,907 DEBUG [n-afc887a1ce5.a-afc34d371c2.SimpleReactiveBean] - Heating state = 3
2012-05-09 16:57:04,901 DEBUG [n-afc887a1ce5.a-afc34d371c2.SimpleReactiveBean] - current 21.063615713306405
2012-05-09 16:57:04,901 DEBUG [n-afc887a1ce5.a-afc34d371c2.SimpleReactiveBean] - Next temp without adjustment 21.063716328052394
2012-05-09 16:57:04,902 DEBUG [n-afc887a1ce5.a-afc34d371c2.SimpleReactiveBean] - Heating is now set to: 3
2012-05-09 16:57:04,902 DEBUG [n-afc887a1ce5.a-afc34d371c2.SimpleReactiveBean] - Heating would be 2.935126933370473
2012-05-09 16:57:04,903 DEBUG [n-afc887a1ce5.a-afc34d371c2.SimpleReactiveBean] - Heating is next set to 3
2012-05-09 16:57:04,903 DEBUG [n-afc887a1ce5.a-afc34d371c2.SimpleReactiveBean] - Nextnext temp should be 21.063716328052394
2012-05-09 16:57:04,904 DEBUG [n-afc887a1ce5.a-afc34d371c2.SimpleReactiveBean] - Action result received: Window.GetState iter: 135
2012-05-09 16:57:04,905 DEBUG [n-afc887a1ce5.a-afc34d371c2.SimpleReactiveBean] - Window open = true
2012-05-09 16:57:04,907 DEBUG [n-afc887a1ce5.a-afc34d371c2.SimpleReactiveBean] - Action result received: Heating.GetState iter: 135
2012-05-09 16:57:04,908 DEBUG [n-afc887a1ce5.a-afc34d371c2.SimpleReactiveBean] - Heating state = 3
2012-05-09 16:57:04,909 DEBUG [n-afc887a1ce5.a-afc34d371c2.SimpleReactiveBean] - Action result received: Heating.UpdateState iter: 135
2012-05-09 16:57:05,900 DEBUG [n-afc887a1ce5.a-afc34d371c2.SimpleReactiveBean] - current 21.063716328052394
2012-05-09 16:57:05,901 DEBUG [n-afc887a1ce5.a-afc34d371c2.SimpleReactiveBean] - Next temp without adjustment 21.06376965386777
2012-05-09 16:57:05,901 DEBUG [n-afc887a1ce5.a-afc34d371c2.SimpleReactiveBean] - Heating is now set to: 3
2012-05-09 16:57:05,901 DEBUG [n-afc887a1ce5.a-afc34d371c2.SimpleReactiveBean] - Heating would be 2.9350977943629535
2012-05-09 16:57:05,902 DEBUG [n-afc887a1ce5.a-afc34d371c2.SimpleReactiveBean] - Heating is next set to 3
2012-05-09 16:57:05,902 DEBUG [n-afc887a1ce5.a-afc34d371c2.SimpleReactiveBean] - Nextnext temp should be 21.06376965386777
2012-05-09 16:57:05,904 DEBUG [n-afc887a1ce5.a-afc34d371c2.SimpleReactiveBean] - Action result received: Heating.GetState iter: 136
2012-05-09 16:57:05,904 DEBUG [n-afc887a1ce5.a-afc34d371c2.SimpleReactiveBean] - Heating state = 3
2012-05-09 16:57:05,906 DEBUG [n-afc887a1ce5.a-afc34d371c2.SimpleReactiveBean] - Action result received: Heating.UpdateState iter: 136
2012-05-09 16:57:05,909 DEBUG [n-afc887a1ce5.a-afc34d371c2.SimpleReactiveBean] - Action result received: Window.GetState iter: 136
2012-05-09 16:57:05,910 DEBUG [n-afc887a1ce5.a-afc34d371c2.SimpleReactiveBean] - Window open = true
2012-05-09 16:57:06,900 DEBUG [n-afc887a1ce5.a-afc34d371c2.SimpleReactiveBean] - current 21.06376965386777
2012-05-09 16:57:06,901 DEBUG [n-afc887a1ce5.a-afc34d371c2.SimpleReactiveBean] - Next temp without adjustment 21.063797916549916
2012-05-09 16:57:06,901 DEBUG [n-afc887a1ce5.a-afc34d371c2.SimpleReactiveBean] - Heating is now set to: 3
2012-05-09 16:57:06,902 DEBUG [n-afc887a1ce5.a-afc34d371c2.SimpleReactiveBean] - Heating would be 2.9350823505479635
2012-05-09 16:57:06,902 DEBUG [n-afc887a1ce5.a-afc34d371c2.SimpleReactiveBean] - Heating is next set to 3
2012-05-09 16:57:06,903 DEBUG [n-afc887a1ce5.a-afc34d371c2.SimpleReactiveBean] - Nextnext temp should be 21.063797916549916
2012-05-09 16:57:06,905 DEBUG [n-afc887a1ce5.a-afc34d371c2.SimpleReactiveBean] - Action result received: Heating.UpdateState iter: 137
2012-05-09 16:57:06,907 DEBUG [n-afc887a1ce5.a-afc34d371c2.SimpleReactiveBean] - Action result received: Heating.GetState iter: 137
2012-05-09 16:57:06,908 DEBUG [n-afc887a1ce5.a-afc34d371c2.SimpleReactiveBean] - Heating state = 3
2012-05-09 16:57:06,909 DEBUG [n-afc887a1ce5.a-afc34d371c2.SimpleReactiveBean] - Action result received: Window.GetState iter: 137
2012-05-09 16:57:06,910 DEBUG [n-afc887a1ce5.a-afc34d371c2.SimpleReactiveBean] - Window open = true
2012-05-09 16:57:07,900 DEBUG [n-afc887a1ce5.a-afc34d371c2.SimpleReactiveBean] - current 21.063797916549916
2012-05-09 16:57:07,901 DEBUG [n-afc887a1ce5.a-afc34d371c2.SimpleReactiveBean] - Next temp without adjustment 21.063812895771456
2012-05-09 16:57:07,901 DEBUG [n-afc887a1ce5.a-afc34d371c2.SimpleReactiveBean] - Heating is now set to: 3
2012-05-09 16:57:07,902 DEBUG [n-afc887a1ce5.a-afc34d371c2.SimpleReactiveBean] - Heating would be 2.9350741652864127
2012-05-09 16:57:07,902 DEBUG [n-afc887a1ce5.a-afc34d371c2.SimpleReactiveBean] - Heating is next set to 3
2012-05-09 16:57:07,903 DEBUG [n-afc887a1ce5.a-afc34d371c2.SimpleReactiveBean] - Nextnext temp should be 21.063812895771456
2012-05-09 16:57:07,904 DEBUG [n-afc887a1ce5.a-afc34d371c2.SimpleReactiveBean] - Action result received: Window.GetState iter: 138
2012-05-09 16:57:07,905 DEBUG [n-afc887a1ce5.a-afc34d371c2.SimpleReactiveBean] - Window open = true
2012-05-09 16:57:07,906 DEBUG [n-afc887a1ce5.a-afc34d371c2.SimpleReactiveBean] - Action result received: Heating.GetState iter: 138
2012-05-09 16:57:07,907 DEBUG [n-afc887a1ce5.a-afc34d371c2.SimpleReactiveBean] - Heating state = 3
2012-05-09 16:57:07,908 DEBUG [n-afc887a1ce5.a-afc34d371c2.SimpleReactiveBean] - Action result received: Heating.UpdateState iter: 138
2012-05-09 16:57:08,900 DEBUG [n-afc887a1ce5.a-afc34d371c2.SimpleReactiveBean] - current 21.063812895771456
2012-05-09 16:57:08,901 DEBUG [n-afc887a1ce5.a-afc34d371c2.SimpleReactiveBean] - Next temp without adjustment 21.06382083475887
2012-05-09 16:57:08,901 DEBUG [n-afc887a1ce5.a-afc34d371c2.SimpleReactiveBean] - Heating is now set to: 3
2012-05-09 16:57:08,901 DEBUG [n-afc887a1ce5.a-afc34d371c2.SimpleReactiveBean] - Heating would be 2.9350698270866653
2012-05-09 16:57:08,902 DEBUG [n-afc887a1ce5.a-afc34d371c2.SimpleReactiveBean] - Heating is next set to 3
2012-05-09 16:57:08,902 DEBUG [n-afc887a1ce5.a-afc34d371c2.SimpleReactiveBean] - Nextnext temp should be 21.06382083475887
2012-05-09 16:57:08,903 DEBUG [n-afc887a1ce5.a-afc34d371c2.SimpleReactiveBean] - Action result received: Window.GetState iter: 139
2012-05-09 16:57:08,904 DEBUG [n-afc887a1ce5.a-afc34d371c2.SimpleReactiveBean] - Window open = true
2012-05-09 16:57:08,905 DEBUG [n-afc887a1ce5.a-afc34d371c2.SimpleReactiveBean] - Action result received: Heating.UpdateState iter: 139
2012-05-09 16:57:08,907 DEBUG [n-afc887a1ce5.a-afc34d371c2.SimpleReactiveBean] - Action result received: Heating.GetState iter: 139
2012-05-09 16:57:08,907 DEBUG [n-afc887a1ce5.a-afc34d371c2.SimpleReactiveBean] - Heating state = 3
2012-05-09 16:57:09,900 DEBUG [n-afc887a1ce5.a-afc34d371c2.SimpleReactiveBean] - current 21.06382083475887
2012-05-09 16:57:09,901 DEBUG [n-afc887a1ce5.a-afc34d371c2.SimpleReactiveBean] - Next temp without adjustment 21.063825042422202
2012-05-09 16:57:09,901 DEBUG [n-afc887a1ce5.a-afc34d371c2.SimpleReactiveBean] - Heating is now set to: 3
2012-05-09 16:57:09,901 DEBUG [n-afc887a1ce5.a-afc34d371c2.SimpleReactiveBean] - Heating would be 2.935067527837672
2012-05-09 16:57:09,902 DEBUG [n-afc887a1ce5.a-afc34d371c2.SimpleReactiveBean] - Heating is next set to 3
2012-05-09 16:57:09,902 DEBUG [n-afc887a1ce5.a-afc34d371c2.SimpleReactiveBean] - Nextnext temp should be 21.063825042422202
2012-05-09 16:57:09,903 DEBUG [n-afc887a1ce5.a-afc34d371c2.SimpleReactiveBean] - Action result received: Heating.UpdateState iter: 140
2012-05-09 16:57:09,905 DEBUG [n-afc887a1ce5.a-afc34d371c2.SimpleReactiveBean] - Action result received: Window.GetState iter: 140
2012-05-09 16:57:09,906 DEBUG [n-afc887a1ce5.a-afc34d371c2.SimpleReactiveBean] - Window open = true
2012-05-09 16:57:09,907 DEBUG [n-afc887a1ce5.a-afc34d371c2.SimpleReactiveBean] - Action result received: Heating.GetState iter: 140
2012-05-09 16:57:09,907 DEBUG [n-afc887a1ce5.a-afc34d371c2.SimpleReactiveBean] - Heating state = 3
2012-05-09 16:57:10,780 INFO [n-afc887a1ce5.a-afc34d371c2.Window] - human interaction: someone closes the window because of traffic noise
2012-05-09 16:57:10,900 DEBUG [n-afc887a1ce5.a-afc34d371c2.SimpleReactiveBean] - current 21.063825042422202
2012-05-09 16:57:10,901 DEBUG [n-afc887a1ce5.a-afc34d371c2.SimpleReactiveBean] - Next temp without adjustment 21.063827272483767
2012-05-09 16:57:10,901 DEBUG [n-afc887a1ce5.a-afc34d371c2.SimpleReactiveBean] - Heating is now set to: 3
2012-05-09 16:57:10,901 DEBUG [n-afc887a1ce5.a-afc34d371c2.SimpleReactiveBean] - Heating would be 2.9350663092348293
2012-05-09 16:57:10,902 DEBUG [n-afc887a1ce5.a-afc34d371c2.SimpleReactiveBean] - Heating is next set to 3
2012-05-09 16:57:10,902 DEBUG [n-afc887a1ce5.a-afc34d371c2.SimpleReactiveBean] - Nextnext temp should be 21.063827272483767
2012-05-09 16:57:10,903 DEBUG [n-afc887a1ce5.a-afc34d371c2.SimpleReactiveBean] - Action result received: Window.GetState iter: 141
2012-05-09 16:57:10,904 DEBUG [n-afc887a1ce5.a-afc34d371c2.SimpleReactiveBean] - Window open = false
2012-05-09 16:57:10,905 DEBUG [n-afc887a1ce5.a-afc34d371c2.SimpleReactiveBean] - Action result received: Heating.UpdateState iter: 141
2012-05-09 16:57:10,907 DEBUG [n-afc887a1ce5.a-afc34d371c2.SimpleReactiveBean] - Action result received: Heating.GetState iter: 141
2012-05-09 16:57:10,907 DEBUG [n-afc887a1ce5.a-afc34d371c2.SimpleReactiveBean] - Heating state = 3
2012-05-09 16:57:11,900 DEBUG [n-afc887a1ce5.a-afc34d371c2.SimpleReactiveBean] - current 22.538295025453323
2012-05-09 16:57:11,901 DEBUG [n-afc887a1ce5.a-afc34d371c2.SimpleReactiveBean] - Next temp without adjustment 23.422977015271993
2012-05-09 16:57:11,901 DEBUG [n-afc887a1ce5.a-afc34d371c2.SimpleReactiveBean] - Heating is now set to: 3
2012-05-09 16:57:11,901 DEBUG [n-afc887a1ce5.a-afc34d371c2.SimpleReactiveBean] - Heating would be -1.082789730830489
2012-05-09 16:57:11,902 DEBUG [n-afc887a1ce5.a-afc34d371c2.SimpleReactiveBean] - Heating is next set to 0
2012-05-09 16:57:11,902 DEBUG [n-afc887a1ce5.a-afc34d371c2.SimpleReactiveBean] - Nextnext temp should be 20.96061437367159
2012-05-09 16:57:11,903 DEBUG [n-afc887a1ce5.a-afc34d371c2.SimpleReactiveBean] - Action result received: Window.GetState iter: 142
2012-05-09 16:57:11,904 DEBUG [n-afc887a1ce5.a-afc34d371c2.SimpleReactiveBean] - Window open = false
2012-05-09 16:57:11,907 DEBUG [n-afc887a1ce5.a-afc34d371c2.SimpleReactiveBean] - Action result received: Heating.UpdateState iter: 142
2012-05-09 16:57:11,910 DEBUG [n-afc887a1ce5.a-afc34d371c2.SimpleReactiveBean] - Action result received: Heating.GetState iter: 142
2012-05-09 16:57:11,911 DEBUG [n-afc887a1ce5.a-afc34d371c2.SimpleReactiveBean] - Heating state = 0
2012-05-09 16:57:12,900 DEBUG [n-afc887a1ce5.a-afc34d371c2.SimpleReactiveBean] - current 23.422977015271993
2012-05-09 16:57:12,901 DEBUG [n-afc887a1ce5.a-afc34d371c2.SimpleReactiveBean] - Next temp without adjustment 21.783368624202954
2012-05-09 16:57:12,901 DEBUG [n-afc887a1ce5.a-afc34d371c2.SimpleReactiveBean] - Heating is now set to: 0
2012-05-09 16:57:12,901 DEBUG [n-afc887a1ce5.a-afc34d371c2.SimpleReactiveBean] - Heating would be 0.8203618264417857
2012-05-09 16:57:12,902 DEBUG [n-afc887a1ce5.a-afc34d371c2.SimpleReactiveBean] - Heating is next set to 1
2012-05-09 16:57:12,902 DEBUG [n-afc887a1ce5.a-afc34d371c2.SimpleReactiveBean] - Nextnext temp should be 22.506841152523034
2012-05-09 16:57:12,913 DEBUG [n-afc887a1ce5.a-afc34d371c2.SimpleReactiveBean] - Action result received: Heating.GetState iter: 143
2012-05-09 16:57:12,913 DEBUG [n-afc887a1ce5.a-afc34d371c2.SimpleReactiveBean] - Heating state = 0
2012-05-09 16:57:12,915 DEBUG [n-afc887a1ce5.a-afc34d371c2.SimpleReactiveBean] - Action result received: Heating.UpdateState iter: 143
2012-05-09 16:57:12,917 DEBUG [n-afc887a1ce5.a-afc34d371c2.SimpleReactiveBean] - Action result received: Window.GetState iter: 143
2012-05-09 16:57:12,918 DEBUG [n-afc887a1ce5.a-afc34d371c2.SimpleReactiveBean] - Window open = false
2012-05-09 16:57:13,912 DEBUG [n-afc887a1ce5.a-afc34d371c2.SimpleReactiveBean] - current 21.783368624202954
2012-05-09 16:57:13,913 DEBUG [n-afc887a1ce5.a-afc34d371c2.SimpleReactiveBean] - Next temp without adjustment 20.258532820508748
2012-05-09 16:57:13,913 DEBUG [n-afc887a1ce5.a-afc34d371c2.SimpleReactiveBean] - Heating is now set to: 0
2012-05-09 16:57:13,914 DEBUG [n-afc887a1ce5.a-afc34d371c2.SimpleReactiveBean] - Heating would be 2.015343682215646
2012-05-09 16:57:13,914 DEBUG [n-afc887a1ce5.a-afc34d371c2.SimpleReactiveBean] - Heating is next set to 2
2012-05-09 16:57:13,914 DEBUG [n-afc887a1ce5.a-afc34d371c2.SimpleReactiveBean] - Nextnext temp should be 22.066191723184097
2012-05-09 16:57:13,916 DEBUG [n-afc887a1ce5.a-afc34d371c2.SimpleReactiveBean] - Action result received: Heating.UpdateState iter: 144
2012-05-09 16:57:13,918 DEBUG [n-afc887a1ce5.a-afc34d371c2.SimpleReactiveBean] - Action result received: Heating.GetState iter: 144
2012-05-09 16:57:13,919 DEBUG [n-afc887a1ce5.a-afc34d371c2.SimpleReactiveBean] - Heating state = 2
2012-05-09 16:57:13,920 DEBUG [n-afc887a1ce5.a-afc34d371c2.SimpleReactiveBean] - Action result received: Window.GetState iter: 144
2012-05-09 16:57:13,921 DEBUG [n-afc887a1ce5.a-afc34d371c2.SimpleReactiveBean] - Window open = false
2012-05-09 16:57:14,900 DEBUG [n-afc887a1ce5.a-afc34d371c2.SimpleReactiveBean] - current 21.162362271846423
2012-05-09 16:57:14,901 DEBUG [n-afc887a1ce5.a-afc34d371c2.SimpleReactiveBean] - Next temp without adjustment 21.62527721301096
2012-05-09 16:57:14,901 DEBUG [n-afc887a1ce5.a-afc34d371c2.SimpleReactiveBean] - Heating is now set to: 2
2012-05-09 16:57:14,901 DEBUG [n-afc887a1ce5.a-afc34d371c2.SimpleReactiveBean] - Heating would be 0.9644739234942123
2012-05-09 16:57:14,902 DEBUG [n-afc887a1ce5.a-afc34d371c2.SimpleReactiveBean] - Heating is next set to 1
2012-05-09 16:57:14,902 DEBUG [n-afc887a1ce5.a-afc34d371c2.SimpleReactiveBean] - Nextnext temp should be 20.653137062914066
2012-05-09 16:57:14,903 DEBUG [n-afc887a1ce5.a-afc34d371c2.SimpleReactiveBean] - Action result received: Window.GetState iter: 145
2012-05-09 16:57:14,904 DEBUG [n-afc887a1ce5.a-afc34d371c2.SimpleReactiveBean] - Window open = false
2012-05-09 16:57:14,907 DEBUG [n-afc887a1ce5.a-afc34d371c2.SimpleReactiveBean] - Action result received: Heating.UpdateState iter: 145
2012-05-09 16:57:14,909 DEBUG [n-afc887a1ce5.a-afc34d371c2.SimpleReactiveBean] - Action result received: Heating.GetState iter: 145
2012-05-09 16:57:14,910 DEBUG [n-afc887a1ce5.a-afc34d371c2.SimpleReactiveBean] - Heating state = 1
2012-05-09 16:57:15,900 DEBUG [n-afc887a1ce5.a-afc34d371c2.SimpleReactiveBean] - current 21.62527721301096
2012-05-09 16:57:15,901 DEBUG [n-afc887a1ce5.a-afc34d371c2.SimpleReactiveBean] - Next temp without adjustment 21.03272731466899
2012-05-09 16:57:15,901 DEBUG [n-afc887a1ce5.a-afc34d371c2.SimpleReactiveBean] - Heating is now set to: 1
2012-05-09 16:57:15,901 DEBUG [n-afc887a1ce5.a-afc34d371c2.SimpleReactiveBean] - Heating would be 1.4594116018764844
2012-05-09 16:57:15,902 DEBUG [n-afc887a1ce5.a-afc34d371c2.SimpleReactiveBean] - Heating is next set to 1
2012-05-09 16:57:15,902 DEBUG [n-afc887a1ce5.a-afc34d371c2.SimpleReactiveBean] - Nextnext temp should be 21.03272731466899
2012-05-09 16:57:15,903 DEBUG [n-afc887a1ce5.a-afc34d371c2.SimpleReactiveBean] - Action result received: Heating.UpdateState iter: 146
2012-05-09 16:57:15,905 DEBUG [n-afc887a1ce5.a-afc34d371c2.SimpleReactiveBean] - Action result received: Window.GetState iter: 146
2012-05-09 16:57:15,905 DEBUG [n-afc887a1ce5.a-afc34d371c2.SimpleReactiveBean] - Window open = false
2012-05-09 16:57:15,907 DEBUG [n-afc887a1ce5.a-afc34d371c2.SimpleReactiveBean] - Action result received: Heating.GetState iter: 146
2012-05-09 16:57:15,908 DEBUG [n-afc887a1ce5.a-afc34d371c2.SimpleReactiveBean] - Heating state = 1
2012-05-09 16:57:16,900 DEBUG [n-afc887a1ce5.a-afc34d371c2.SimpleReactiveBean] - current 21.03272731466899
2012-05-09 16:57:16,901 DEBUG [n-afc887a1ce5.a-afc34d371c2.SimpleReactiveBean] - Next temp without adjustment 20.54683639802857
2012-05-09 16:57:16,901 DEBUG [n-afc887a1ce5.a-afc34d371c2.SimpleReactiveBean] - Heating is now set to: 1
2012-05-09 16:57:16,901 DEBUG [n-afc887a1ce5.a-afc34d371c2.SimpleReactiveBean] - Heating would be 1.8189602294900955
2012-05-09 16:57:16,902 DEBUG [n-afc887a1ce5.a-afc34d371c2.SimpleReactiveBean] - Heating is next set to 2
2012-05-09 16:57:16,902 DEBUG [n-afc887a1ce5.a-afc34d371c2.SimpleReactiveBean] - Nextnext temp should be 21.53323639341498
2012-05-09 16:57:16,903 DEBUG [n-afc887a1ce5.a-afc34d371c2.SimpleReactiveBean] - Action result received: Window.GetState iter: 147
2012-05-09 16:57:16,904 DEBUG [n-afc887a1ce5.a-afc34d371c2.SimpleReactiveBean] - Window open = false
2012-05-09 16:57:16,905 DEBUG [n-afc887a1ce5.a-afc34d371c2.SimpleReactiveBean] - Action result received: Heating.UpdateState iter: 147
2012-05-09 16:57:16,907 DEBUG [n-afc887a1ce5.a-afc34d371c2.SimpleReactiveBean] - Action result received: Heating.GetState iter: 147
2012-05-09 16:57:16,908 DEBUG [n-afc887a1ce5.a-afc34d371c2.SimpleReactiveBean] - Heating state = 2
2012-05-09 16:57:17,900 DEBUG [n-afc887a1ce5.a-afc34d371c2.SimpleReactiveBean] - current 20.54683639802857
2012-05-09 16:57:17,901 DEBUG [n-afc887a1ce5.a-afc34d371c2.SimpleReactiveBean] - Next temp without adjustment 21.188253842600286
2012-05-09 16:57:17,901 DEBUG [n-afc887a1ce5.a-afc34d371c2.SimpleReactiveBean] - Heating is now set to: 2
2012-05-09 16:57:17,901 DEBUG [n-afc887a1ce5.a-afc34d371c2.SimpleReactiveBean] - Heating would be 1.3359481178987178
2012-05-09 16:57:17,902 DEBUG [n-afc887a1ce5.a-afc34d371c2.SimpleReactiveBean] - Heating is next set to 1
2012-05-09 16:57:17,902 DEBUG [n-afc887a1ce5.a-afc34d371c2.SimpleReactiveBean] - Nextnext temp should be 20.14840584638343
2012-05-09 16:57:17,903 DEBUG [n-afc887a1ce5.a-afc34d371c2.SimpleReactiveBean] - Action result received: Heating.GetState iter: 148
2012-05-09 16:57:17,904 DEBUG [n-afc887a1ce5.a-afc34d371c2.SimpleReactiveBean] - Heating state = 2
2012-05-09 16:57:17,905 DEBUG [n-afc887a1ce5.a-afc34d371c2.SimpleReactiveBean] - Action result received: Heating.UpdateState iter: 148
2012-05-09 16:57:17,907 DEBUG [n-afc887a1ce5.a-afc34d371c2.SimpleReactiveBean] - Action result received: Window.GetState iter: 148
2012-05-09 16:57:17,908 DEBUG [n-afc887a1ce5.a-afc34d371c2.SimpleReactiveBean] - Window open = false
2012-05-09 16:57:18,901 DEBUG [n-afc887a1ce5.a-afc34d371c2.SimpleReactiveBean] - current 21.188253842600286
2012-05-09 16:57:18,901 DEBUG [n-afc887a1ce5.a-afc34d371c2.SimpleReactiveBean] - Next temp without adjustment 21.6436602282462
2012-05-09 16:57:18,902 DEBUG [n-afc887a1ce5.a-afc34d371c2.SimpleReactiveBean] - Heating is now set to: 2
2012-05-09 16:57:18,902 DEBUG [n-afc887a1ce5.a-afc34d371c2.SimpleReactiveBean] - Heating would be 0.9479966017445904
2012-05-09 16:57:18,902 DEBUG [n-afc887a1ce5.a-afc34d371c2.SimpleReactiveBean] - Heating is next set to 1
2012-05-09 16:57:18,903 DEBUG [n-afc887a1ce5.a-afc34d371c2.SimpleReactiveBean] - Nextnext temp should be 20.674368150932235
2012-05-09 16:57:18,904 DEBUG [n-afc887a1ce5.a-afc34d371c2.SimpleReactiveBean] - Action result received: Heating.GetState iter: 149
2012-05-09 16:57:18,904 DEBUG [n-afc887a1ce5.a-afc34d371c2.SimpleReactiveBean] - Heating state = 1
2012-05-09 16:57:18,906 DEBUG [n-afc887a1ce5.a-afc34d371c2.SimpleReactiveBean] - Action result received: Window.GetState iter: 149
2012-05-09 16:57:18,907 DEBUG [n-afc887a1ce5.a-afc34d371c2.SimpleReactiveBean] - Window open = false
2012-05-09 16:57:18,908 DEBUG [n-afc887a1ce5.a-afc34d371c2.SimpleReactiveBean] - Action result received: Heating.UpdateState iter: 149
2012-05-09 16:57:19,900 DEBUG [n-afc887a1ce5.a-afc34d371c2.SimpleReactiveBean] - current 20.674368150932235
2012-05-09 16:57:19,901 DEBUG [n-afc887a1ce5.a-afc34d371c2.SimpleReactiveBean] - Next temp without adjustment 20.252981883764434
2012-05-09 16:57:19,901 DEBUG [n-afc887a1ce5.a-afc34d371c2.SimpleReactiveBean] - Heating is now set to: 1
2012-05-09 16:57:19,902 DEBUG [n-afc887a1ce5.a-afc34d371c2.SimpleReactiveBean] - Heating would be 2.0190108141831686
2012-05-09 16:57:19,902 DEBUG [n-afc887a1ce5.a-afc34d371c2.SimpleReactiveBean] - Heating is next set to 2
2012-05-09 16:57:19,902 DEBUG [n-afc887a1ce5.a-afc34d371c2.SimpleReactiveBean] - Nextnext temp should be 21.278801387161888
2012-05-09 16:57:19,904 DEBUG [n-afc887a1ce5.a-afc34d371c2.SimpleReactiveBean] - Action result received: Heating.UpdateState iter: 150
2012-05-09 16:57:19,940 DEBUG [n-afc887a1ce5.a-afc34d371c2.SimpleReactiveBean] - Action result received: Window.GetState iter: 150
2012-05-09 16:57:19,940 DEBUG [n-afc887a1ce5.a-afc34d371c2.SimpleReactiveBean] - Window open = false
2012-05-09 16:57:19,942 DEBUG [n-afc887a1ce5.a-afc34d371c2.SimpleReactiveBean] - Action result received: Heating.GetState iter: 150
2012-05-09 16:57:19,943 DEBUG [n-afc887a1ce5.a-afc34d371c2.SimpleReactiveBean] - Heating state = 2
2012-05-09 16:57:20,900 DEBUG [n-afc887a1ce5.a-afc34d371c2.SimpleReactiveBean] - current 20.252981883764434
2012-05-09 16:57:20,900 DEBUG [n-afc887a1ce5.a-afc34d371c2.SimpleReactiveBean] - Next temp without adjustment 20.979617137472747
2012-05-09 16:57:20,901 DEBUG [n-afc887a1ce5.a-afc34d371c2.SimpleReactiveBean] - Heating is now set to: 2
2012-05-09 16:57:20,901 DEBUG [n-afc887a1ce5.a-afc34d371c2.SimpleReactiveBean] - Heating would be 1.5005975253665012
2012-05-09 16:57:20,902 DEBUG [n-afc887a1ce5.a-afc34d371c2.SimpleReactiveBean] - Heating is next set to 2
2012-05-09 16:57:20,902 DEBUG [n-afc887a1ce5.a-afc34d371c2.SimpleReactiveBean] - Nextnext temp should be 20.979617137472747
2012-05-09 16:57:20,903 DEBUG [n-afc887a1ce5.a-afc34d371c2.SimpleReactiveBean] - Action result received: Window.GetState iter: 151
2012-05-09 16:57:20,904 DEBUG [n-afc887a1ce5.a-afc34d371c2.SimpleReactiveBean] - Window open = false
2012-05-09 16:57:20,906 DEBUG [n-afc887a1ce5.a-afc34d371c2.SimpleReactiveBean] - Action result received: Heating.UpdateState iter: 151
2012-05-09 16:57:20,907 DEBUG [n-afc887a1ce5.a-afc34d371c2.SimpleReactiveBean] - Action result received: Heating.GetState iter: 151
2012-05-09 16:57:20,908 DEBUG [n-afc887a1ce5.a-afc34d371c2.SimpleReactiveBean] - Heating state = 2
2012-05-09 16:57:21,908 DEBUG [n-afc887a1ce5.a-afc34d371c2.SimpleReactiveBean] - current 20.979617137472747
2012-05-09 16:57:21,909 DEBUG [n-afc887a1ce5.a-afc34d371c2.SimpleReactiveBean] - Next temp without adjustment 21.49552816760565
2012-05-09 16:57:21,910 DEBUG [n-afc887a1ce5.a-afc34d371c2.SimpleReactiveBean] - Heating is now set to: 2
2012-05-09 16:57:21,910 DEBUG [n-afc887a1ce5.a-afc34d371c2.SimpleReactiveBean] - Heating would be 1.078746702606681
2012-05-09 16:57:21,911 DEBUG [n-afc887a1ce5.a-afc34d371c2.SimpleReactiveBean] - Heating is next set to 1
2012-05-09 16:57:21,912 DEBUG [n-afc887a1ce5.a-afc34d371c2.SimpleReactiveBean] - Nextnext temp should be 20.503286052727653
2012-05-09 16:57:21,913 DEBUG [n-afc887a1ce5.a-afc34d371c2.SimpleReactiveBean] - Action result received: Heating.UpdateState iter: 152
2012-05-09 16:57:21,915 DEBUG [n-afc887a1ce5.a-afc34d371c2.SimpleReactiveBean] - Action result received: Window.GetState iter: 152
2012-05-09 16:57:21,916 DEBUG [n-afc887a1ce5.a-afc34d371c2.SimpleReactiveBean] - Window open = false
2012-05-09 16:57:21,917 DEBUG [n-afc887a1ce5.a-afc34d371c2.SimpleReactiveBean] - Action result received: Heating.GetState iter: 152
2012-05-09 16:57:21,918 DEBUG [n-afc887a1ce5.a-afc34d371c2.SimpleReactiveBean] - Heating state = 1
2012-05-09 16:57:22,780 INFO [n-afc887a1ce5.a-afc34d371c2.Window] - human interaction: someone opens the window for fresh air
2012-05-09 16:57:22,900 DEBUG [n-afc887a1ce5.a-afc34d371c2.SimpleReactiveBean] - current 21.49552816760565
2012-05-09 16:57:22,900 DEBUG [n-afc887a1ce5.a-afc34d371c2.SimpleReactiveBean] - Next temp without adjustment 20.926333097436633
2012-05-09 16:57:22,901 DEBUG [n-afc887a1ce5.a-afc34d371c2.SimpleReactiveBean] - Heating is now set to: 1
2012-05-09 16:57:22,901 DEBUG [n-afc887a1ce5.a-afc34d371c2.SimpleReactiveBean] - Heating would be 1.5414337654275858
2012-05-09 16:57:22,902 DEBUG [n-afc887a1ce5.a-afc34d371c2.SimpleReactiveBean] - Heating is next set to 2
2012-05-09 16:57:22,902 DEBUG [n-afc887a1ce5.a-afc34d371c2.SimpleReactiveBean] - Nextnext temp should be 21.86182499900001
2012-05-09 16:57:22,903 DEBUG [n-afc887a1ce5.a-afc34d371c2.SimpleReactiveBean] - Action result received: Heating.GetState iter: 153
2012-05-09 16:57:22,904 DEBUG [n-afc887a1ce5.a-afc34d371c2.SimpleReactiveBean] - Heating state = 1
2012-05-09 16:57:22,905 DEBUG [n-afc887a1ce5.a-afc34d371c2.SimpleReactiveBean] - Action result received: Heating.UpdateState iter: 153
2012-05-09 16:57:22,907 DEBUG [n-afc887a1ce5.a-afc34d371c2.SimpleReactiveBean] - Action result received: Window.GetState iter: 153
2012-05-09 16:57:22,907 DEBUG [n-afc887a1ce5.a-afc34d371c2.SimpleReactiveBean] - Window open = true
2012-05-09 16:57:23,900 DEBUG [n-afc887a1ce5.a-afc34d371c2.SimpleReactiveBean] - current 19.421646125704235
2012-05-09 16:57:23,901 DEBUG [n-afc887a1ce5.a-afc34d371c2.SimpleReactiveBean] - Next temp without adjustment 17.866234594278176
2012-05-09 16:57:23,901 DEBUG [n-afc887a1ce5.a-afc34d371c2.SimpleReactiveBean] - Heating is now set to: 1
2012-05-09 16:57:23,901 DEBUG [n-afc887a1ce5.a-afc34d371c2.SimpleReactiveBean] - Heating would be 4.221906286450639
2012-05-09 16:57:23,902 DEBUG [n-afc887a1ce5.a-afc34d371c2.SimpleReactiveBean] - Heating is next set to 4
2012-05-09 16:57:23,902 DEBUG [n-afc887a1ce5.a-afc34d371c2.SimpleReactiveBean] - Nextnext temp should be 21.35709137279578
2012-05-09 16:57:23,903 DEBUG [n-afc887a1ce5.a-afc34d371c2.SimpleReactiveBean] - Action result received: Heating.GetState iter: 154
2012-05-09 16:57:23,904 DEBUG [n-afc887a1ce5.a-afc34d371c2.SimpleReactiveBean] - Heating state = 2
2012-05-09 16:57:23,905 DEBUG [n-afc887a1ce5.a-afc34d371c2.SimpleReactiveBean] - Action result received: Window.GetState iter: 154
2012-05-09 16:57:23,906 DEBUG [n-afc887a1ce5.a-afc34d371c2.SimpleReactiveBean] - Window open = true
2012-05-09 16:57:23,907 DEBUG [n-afc887a1ce5.a-afc34d371c2.SimpleReactiveBean] - Action result received: Heating.UpdateState iter: 154
2012-05-09 16:57:24,900 DEBUG [n-afc887a1ce5.a-afc34d371c2.SimpleReactiveBean] - current 19.02985352045071
2012-05-09 16:57:24,901 DEBUG [n-afc887a1ce5.a-afc34d371c2.SimpleReactiveBean] - Next temp without adjustment 18.779106253088454
2012-05-09 16:57:24,901 DEBUG [n-afc887a1ce5.a-afc34d371c2.SimpleReactiveBean] - Heating is now set to: 2
2012-05-09 16:57:24,901 DEBUG [n-afc887a1ce5.a-afc34d371c2.SimpleReactiveBean] - Heating would be 3.9293326212652024
2012-05-09 16:57:24,902 DEBUG [n-afc887a1ce5.a-afc34d371c2.SimpleReactiveBean] - Heating is next set to 4
2012-05-09 16:57:24,902 DEBUG [n-afc887a1ce5.a-afc34d371c2.SimpleReactiveBean] - Nextnext temp should be 21.1925384785893
2012-05-09 16:57:24,903 DEBUG [n-afc887a1ce5.a-afc34d371c2.SimpleReactiveBean] - Action result received: Heating.UpdateState iter: 155
2012-05-09 16:57:24,905 DEBUG [n-afc887a1ce5.a-afc34d371c2.SimpleReactiveBean] - Action result received: Heating.GetState iter: 155
2012-05-09 16:57:24,906 DEBUG [n-afc887a1ce5.a-afc34d371c2.SimpleReactiveBean] - Heating state = 4
2012-05-09 16:57:24,908 DEBUG [n-afc887a1ce5.a-afc34d371c2.SimpleReactiveBean] - Action result received: Window.GetState iter: 155
2012-05-09 16:57:24,909 DEBUG [n-afc887a1ce5.a-afc34d371c2.SimpleReactiveBean] - Window open = true
